<?xml version="1.0" encoding="UTF-8"?>
<testsuite name="com.yakootah.training.pipes.servlet.SampleServletApplicationTests" time="3.724" tests="2" errors="0" skipped="0" failures="1">
  <properties>
    <property name="java.runtime.name" value="Java(TM) SE Runtime Environment"/>
    <property name="ibm.signalhandling.rs" value="false"/>
    <property name="sun.boot.library.path" value="C:\Users\0G5683649\software\java\ibm-java-8\jdk\jre\bin\compressedrefs;C:\Users\0G5683649\software\java\ibm-java-8\jdk\jre\bin"/>
    <property name="java.vm.version" value="2.9"/>
    <property name="com.ibm.oti.configuration" value="scar"/>
    <property name="java.vm.vendor" value="IBM Corporation"/>
    <property name="maven.multiModuleProjectDirectory" value="C:\Users\0G5683649\panorama\workspaces\workspace1\pipes"/>
    <property name="java.vendor.url" value="http://www.ibm.com"/>
    <property name="path.separator" value=";"/>
    <property name="guice.disable.misplaced.annotation.check" value="true"/>
    <property name="java.vm.name" value="IBM J9 VM"/>
    <property name="file.encoding.pkg" value="sun.io"/>
    <property name="user.country" value="CA"/>
    <property name="sun.java.launcher" value="SUN_STANDARD"/>
    <property name="java.vm.specification.name" value="Java Virtual Machine Specification"/>
    <property name="user.dir" value="C:\Users\0G5683649\panorama\workspaces\workspace1\pipes"/>
    <property name="java.runtime.version" value="8.0.5.20 - pwa6480sr5fp20-20180802_01(SR5 FP20)"/>
    <property name="java.fullversion" value="8.0.5.20 - pwa6480sr5fp20-20180802_01(SR5 FP20)&#10;JRE 1.8.0 Windows 10 amd64-64-Bit Compressed References 20180731_393394 (JIT enabled, AOT enabled)&#10;OpenJ9   - bd23af8&#10;OMR      - ca1411c&#10;IBM      - 98805ca"/>
    <property name="java.awt.graphicsenv" value="sun.awt.Win32GraphicsEnvironment"/>
    <property name="java.endorsed.dirs" value="C:\Users\0G5683649\software\java\ibm-java-8\jdk\jre\lib\endorsed"/>
    <property name="os.arch" value="amd64"/>
    <property name="com.ibm.vm.bitmode" value="64"/>
    <property name="java.io.tmpdir" value="C:\Users\0G5683~1\AppData\Local\Temp\"/>
    <property name="com.ibm.system.agent.path" value="C:\Users\0G5683649\software\java\ibm-java-8\jdk\jre\bin"/>
    <property name="com.ibm.util.extralibs.properties" value=""/>
    <property name="line.separator" value="&#10;"/>
    <property name="java.vm.specification.vendor" value="Oracle Corporation"/>
    <property name="user.variant" value=""/>
    <property name="java.awt.fonts" value=""/>
    <property name="os.name" value="Windows 10"/>
    <property name="classworlds.conf" value="C:\Users\0G5683649\panorama\workspaces\workspace1\.metadata\.plugins\org.eclipse.m2e.launching\launches\m2conf7774607104692556163.tmp"/>
    <property name="sun.jnu.encoding" value="Cp1252"/>
    <property name="java.library.path" value="C:\Users\0G5683649\software\java\ibm-java-8\jdk\jre\bin\compressedrefs;C:\Users\0G5683649\software\java\ibm-java-8\jdk\jre\bin;C:\WINDOWS\system32;C:\WINDOWS;C:/Users/0G5683649/software/java/java11/bin/server;C:/Users/0G5683649/software/java/java11/bin;C:\Users\0G5683649\software\java\java11\bin;C:\Python310\Scripts\;C:\Python310\;C:\Program Files\Common Files\Oracle\Java\javapath;C:\WINDOWS\system32;C:\WINDOWS;C:\WINDOWS\System32\Wbem;C:\WINDOWS\System32\WindowsPowerShell\v1.0\;C:\WINDOWS\System32\OpenSSH\;C:\Program Files\Calibre2\;C:\Users\0G5683649\software\node\;C:\ProgramData\chocolatey\bin;C:\Program Files\Git\cmd;C:\Program Files\Docker\Docker\resources\bin;C:\Program Files\PowerShell\7\;C:\Users\0G5683649\AppData\Local\Microsoft\WindowsApps;C:\Program Files\RedHat\Podman;C:\Users\0G5683649\AppData\Roaming\npm;C:\Users\0G5683649\software\crc;C:\Users\0G5683649\.crc\bin\oc;C:\Program Files\Git\bin;C:\Users\0G5683649\software\Microsoft VS Code\bin;C:\Users\0G5683649\AppData\Local\Google\Cloud SDK\google-cloud-sdk\bin;C:\Users\0G5683649\software\java\ibm-java-8\jdk\bin;;C:\Users\0G5683649\software\IDE\eclipses\eclipse\eclipse;;."/>
    <property name="com.ibm.oti.vm.bootstrap.library.path" value="C:\Users\0G5683649\software\java\ibm-java-8\jdk\jre\bin\compressedrefs;C:\Users\0G5683649\software\java\ibm-java-8\jdk\jre\bin"/>
    <property name="java.class.version" value="52.0"/>
    <property name="java.specification.name" value="Java Platform API Specification"/>
    <property name="com.ibm.cpu.endian" value="little"/>
    <property name="ibm.system.encoding" value="Cp1252"/>
    <property name="os.version" value="10.0"/>
    <property name="com.ibm.oti.vm.library.version" value="29"/>
    <property name="com.ibm.jcl.checkClassPath" value=""/>
    <property name="user.home" value="C:\Users\0G5683649"/>
    <property name="user.timezone" value="America/Halifax"/>
    <property name="java.awt.printerjob" value="sun.awt.windows.WPrinterJob"/>
    <property name="java.specification.version" value="1.8"/>
    <property name="file.encoding" value="Cp1252"/>
    <property name="java.class.path" value="C:\Users\0G5683649\software\IDE\eclipses\eclipse\eclipse\plugins\org.eclipse.m2e.maven.runtime_1.16.0.20200610-1735\jars\plexus-classworlds-2.6.0.jar"/>
    <property name="user.name" value="0G5683649"/>
    <property name="com.ibm.oti.shared.enabled" value="false"/>
    <property name="java.vm.specification.version" value="1.8"/>
    <property name="java.home" value="C:\Users\0G5683649\software\java\ibm-java-8\jdk\jre"/>
    <property name="sun.java.command" value="org.codehaus.plexus.classworlds.launcher.Launcher -B install"/>
    <property name="sun.arch.data.model" value="64"/>
    <property name="java.specification.vendor" value="Oracle Corporation"/>
    <property name="ibm.signalhandling.sigint" value="true"/>
    <property name="user.language" value="en"/>
    <property name="os.encoding" value="UTF8"/>
    <property name="awt.toolkit" value="sun.awt.windows.WToolkit"/>
    <property name="java.vm.info" value="JRE 1.8.0 Windows 10 amd64-64-Bit Compressed References 20180731_393394 (JIT enabled, AOT enabled)&#10;OpenJ9   - bd23af8&#10;OMR      - ca1411c&#10;IBM      - 98805ca"/>
    <property name="java.version" value="1.8.0_181"/>
    <property name="java.ext.dirs" value="C:\Users\0G5683649\software\java\ibm-java-8\jdk\jre\lib\ext"/>
    <property name="sun.boot.class.path" value="C:\Users\0G5683649\software\java\ibm-java-8\jdk\jre\lib\endorsed\jaxws-api.jar;C:\Users\0G5683649\software\java\ibm-java-8\jdk\jre\lib\endorsed\jaxb-api.jar;C:\Users\0G5683649\software\java\ibm-java-8\jdk\jre\lib\endorsed\javax.j2ee.annotation.jar;C:\Users\0G5683649\software\java\ibm-java-8\jdk\jre\bin\compressedrefs\jclSC180\vm.jar;C:\Users\0G5683649\software\java\ibm-java-8\jdk\jre\lib\se-service.jar;C:\Users\0G5683649\software\java\ibm-java-8\jdk\jre\lib\cuda4j.jar;C:\Users\0G5683649\software\java\ibm-java-8\jdk\jre\lib\math.jar;C:\Users\0G5683649\software\java\ibm-java-8\jdk\jre\lib\ibmorb.jar;C:\Users\0G5683649\software\java\ibm-java-8\jdk\jre\lib\ibmorbapi.jar;C:\Users\0G5683649\software\java\ibm-java-8\jdk\jre\lib\ibmcfw.jar;C:\Users\0G5683649\software\java\ibm-java-8\jdk\jre\lib\ibmpkcs.jar;C:\Users\0G5683649\software\java\ibm-java-8\jdk\jre\lib\ibmcertpathfw.jar;C:\Users\0G5683649\software\java\ibm-java-8\jdk\jre\lib\ibmjgssfw.jar;C:\Users\0G5683649\software\java\ibm-java-8\jdk\jre\lib\ibmjssefw.jar;C:\Users\0G5683649\software\java\ibm-java-8\jdk\jre\lib\ibmsaslfw.jar;C:\Users\0G5683649\software\java\ibm-java-8\jdk\jre\lib\ibmjcefw.jar;C:\Users\0G5683649\software\java\ibm-java-8\jdk\jre\lib\ibmjgssprovider.jar;C:\Users\0G5683649\software\java\ibm-java-8\jdk\jre\lib\ibmjsseprovider2.jar;C:\Users\0G5683649\software\java\ibm-java-8\jdk\jre\lib\ibmcertpathprovider.jar;C:\Users\0G5683649\software\java\ibm-java-8\jdk\jre\lib\xmldsigfw.jar;C:\Users\0G5683649\software\java\ibm-java-8\jdk\jre\lib\xml.jar;C:\Users\0G5683649\software\java\ibm-java-8\jdk\jre\lib\charsets.jar;C:\Users\0G5683649\software\java\ibm-java-8\jdk\jre\lib\resources.jar;C:\Users\0G5683649\software\java\ibm-java-8\jdk\jre\lib\rt.jar;C:\Users\0G5683649\software\java\ibm-java-8\jdk\jre\lib\dataaccess.jar"/>
    <property name="java.vendor" value="IBM Corporation"/>
    <property name="maven.home" value="C:\Users\0G5683649\panorama\workspaces\workspace1\pipes\EMBEDDED"/>
    <property name="file.separator" value="\"/>
    <property name="java.compiler" value="j9jit29"/>
    <property name="sun.io.unicode.encoding" value="UnicodeLittle"/>
    <property name="sun.cpu.endian" value="little"/>
    <property name="com.ibm.zero.version" value="2"/>
    <property name="ibm.signalhandling.sigchain" value="true"/>
    <property name="sun.desktop" value="windows"/>
  </properties>
  <testcase name="testHome" classname="com.yakootah.training.pipes.servlet.SampleServletApplicationTests" time="3.715">
    <failure message="expected:&lt;Hello World[]&gt; but was:&lt;Hello World[ - This is Pipe application!]&gt;" type="org.junit.ComparisonFailure"><![CDATA[org.junit.ComparisonFailure: expected:<Hello World[]> but was:<Hello World[ - This is Pipe application!]>
	at org.junit.Assert.assertEquals(Assert.java:115)
	at org.junit.Assert.assertEquals(Assert.java:144)
	at com.yakootah.training.pipes.servlet.SampleServletApplicationTests.testHome(SampleServletApplicationTests.java:65)
]]></failure>
    <system-out>15:47:13.588 [main] DEBUG o.s.t.c.j.SpringJUnit4ClassRunner - SpringJUnit4ClassRunner constructor called with [class com.yakootah.training.pipes.servlet.SampleServletApplicationTests].
15:47:13.644 [main] DEBUG o.s.test.context.ContextLoaderUtils - Found explicit ContextLoader class [org.springframework.boot.test.SpringApplicationContextLoader] for context configuration attributes [ContextConfigurationAttributes@ebaef826 declaringClass = 'com.yakootah.training.pipes.servlet.SampleServletApplicationTests', locations = '{}', classes = '{class com.yakootah.training.pipes.servlet.SampleServletApplication}', inheritLocations = true, initializers = '{}', inheritInitializers = true, name = [null], contextLoaderClass = 'org.springframework.boot.test.SpringApplicationContextLoader']
15:47:13.655 [main] DEBUG o.s.test.context.ContextLoaderUtils - Could not find an 'annotation declaring class' for annotation type [org.springframework.test.context.ActiveProfiles] and class [com.yakootah.training.pipes.servlet.SampleServletApplicationTests]
15:47:13.667 [main] INFO  o.s.test.context.TestContextManager - Could not instantiate TestExecutionListener class [org.springframework.test.context.transaction.TransactionalTestExecutionListener]. Specify custom listener classes or make the default listener classes (and their dependencies) available.
15:47:13.670 [main] DEBUG o.s.t.annotation.ProfileValueUtils - Retrieved @ProfileValueSourceConfiguration [null] for test class [com.yakootah.training.pipes.servlet.SampleServletApplicationTests]
15:47:13.672 [main] DEBUG o.s.t.annotation.ProfileValueUtils - Retrieved ProfileValueSource type [class org.springframework.test.annotation.SystemProfileValueSource] for class [com.yakootah.training.pipes.servlet.SampleServletApplicationTests]
15:47:13.673 [main] DEBUG o.s.t.annotation.ProfileValueUtils - Retrieved @ProfileValueSourceConfiguration [null] for test class [com.yakootah.training.pipes.servlet.SampleServletApplicationTests]
15:47:13.674 [main] DEBUG o.s.t.annotation.ProfileValueUtils - Retrieved ProfileValueSource type [class org.springframework.test.annotation.SystemProfileValueSource] for class [com.yakootah.training.pipes.servlet.SampleServletApplicationTests]
15:47:13.678 [main] DEBUG o.s.t.annotation.ProfileValueUtils - Retrieved @ProfileValueSourceConfiguration [null] for test class [com.yakootah.training.pipes.servlet.SampleServletApplicationTests]
15:47:13.678 [main] DEBUG o.s.t.annotation.ProfileValueUtils - Retrieved ProfileValueSource type [class org.springframework.test.annotation.SystemProfileValueSource] for class [com.yakootah.training.pipes.servlet.SampleServletApplicationTests]
15:47:13.682 [main] DEBUG o.s.t.c.s.DependencyInjectionTestExecutionListener - Performing dependency injection for test context [[DefaultTestContext@ed8ffc21 testClass = SampleServletApplicationTests, testInstance = com.yakootah.training.pipes.servlet.SampleServletApplicationTests@ddb45670, testMethod = [null], testException = [null], mergedContextConfiguration = [WebMergedContextConfiguration@4218063a testClass = SampleServletApplicationTests, locations = '{}', classes = '{class com.yakootah.training.pipes.servlet.SampleServletApplication}', contextInitializerClasses = '[]', activeProfiles = '{}', resourceBasePath = 'src/main/webapp', contextLoader = 'org.springframework.boot.test.SpringApplicationContextLoader', parent = [null]]]].

  .   ____          _            __ _ _
 /\\ / ___'_ __ _ _(_)_ __  __ _ \ \ \ \
( ( )\___ | '_ | '_| | '_ \/ _` | \ \ \ \
 \\/  ___)| |_)| | | | | || (_| |  ) ) ) )
  '  |____| .__|_| |_|_| |_\__, | / / / /
 =========|_|==============|___/=/_/_/_/
 :: Spring Boot ::        (v1.0.2.RELEASE)

2022-12-26 15:47:14.270  INFO 25588 --- [           main] o.a.maven.surefire.booter.ForkedBooter   : Starting ForkedBooter v2.15 on Scorpion with PID 25588 (C:\Users\0G5683649\.m2\repository\org\apache\maven\surefire\surefire-booter\2.15\surefire-booter-2.15.jar started by 0G5683649 in C:\Users\0G5683649\panorama\workspaces\workspace1\pipes)
2022-12-26 15:47:14.312  INFO 25588 --- [           main] ationConfigEmbeddedWebApplicationContext : Refreshing org.springframework.boot.context.embedded.AnnotationConfigEmbeddedWebApplicationContext@1177e34b: startup date [Mon Dec 26 15:47:14 AST 2022]; root of context hierarchy
2022-12-26 15:47:16.073  INFO 25588 --- [           main] .t.TomcatEmbeddedServletContainerFactory : Server initialized with port: 0
2022-12-26 15:47:16.363  INFO 25588 --- [           main] o.apache.catalina.core.StandardService   : Starting service Tomcat
2022-12-26 15:47:16.373  INFO 25588 --- [           main] org.apache.catalina.core.StandardEngine  : Starting Servlet Engine: Apache Tomcat/7.0.52
2022-12-26 15:47:16.507  INFO 25588 --- [ost-startStop-1] o.a.c.c.C.[Tomcat].[localhost].[/]       : Initializing Spring embedded WebApplicationContext
2022-12-26 15:47:16.507  INFO 25588 --- [ost-startStop-1] o.s.web.context.ContextLoader            : Root WebApplicationContext: initialization completed in 2200 ms
2022-12-26 15:47:16.784  INFO 25588 --- [ost-startStop-1] b.a.s.AuthenticationManagerConfiguration : 

Using default password for application endpoints: 04b0e6be-c930-4c32-9da0-17457ad9c249


2022-12-26 15:47:16.848  INFO 25588 --- [ost-startStop-1] o.s.s.web.DefaultSecurityFilterChain     : Creating filter chain: Ant [pattern='/css/**'], []
2022-12-26 15:47:16.849  INFO 25588 --- [ost-startStop-1] o.s.s.web.DefaultSecurityFilterChain     : Creating filter chain: Ant [pattern='/js/**'], []
2022-12-26 15:47:16.850  INFO 25588 --- [ost-startStop-1] o.s.s.web.DefaultSecurityFilterChain     : Creating filter chain: Ant [pattern='/images/**'], []
2022-12-26 15:47:16.850  INFO 25588 --- [ost-startStop-1] o.s.s.web.DefaultSecurityFilterChain     : Creating filter chain: Ant [pattern='/**/favicon.ico'], []
2022-12-26 15:47:16.883  INFO 25588 --- [ost-startStop-1] o.s.s.web.DefaultSecurityFilterChain     : Creating filter chain: OrRequestMatcher [requestMatchers=[Ant [pattern='/**']]], [org.springframework.security.web.context.request.async.WebAsyncManagerIntegrationFilter@e611fbaf, org.springframework.security.web.context.SecurityContextPersistenceFilter@33feaff, org.springframework.security.web.header.HeaderWriterFilter@f3be270c, org.springframework.security.web.authentication.logout.LogoutFilter@78cc1e84, org.springframework.security.web.authentication.www.BasicAuthenticationFilter@9bc34fba, org.springframework.security.web.savedrequest.RequestCacheAwareFilter@9564422e, org.springframework.security.web.servletapi.SecurityContextHolderAwareRequestFilter@e83f0b1c, org.springframework.security.web.session.SessionManagementFilter@a6e8a203, org.springframework.security.web.access.ExceptionTranslationFilter@5bf088a4, org.springframework.security.web.access.intercept.FilterSecurityInterceptor@1936c1ff]
2022-12-26 15:47:16.902  INFO 25588 --- [ost-startStop-1] o.s.b.c.e.ServletRegistrationBean        : Mapping servlet: 'dispatcherServlet' to [/]
2022-12-26 15:47:16.904  INFO 25588 --- [ost-startStop-1] o.s.b.c.embedded.FilterRegistrationBean  : Mapping filter: 'springSecurityFilterChain' to: [/*]
2022-12-26 15:47:17.265  INFO 25588 --- [           main] s.b.c.e.t.TomcatEmbeddedServletContainer : Tomcat started on port(s): 62017/http
2022-12-26 15:47:17.267  INFO 25588 --- [           main] o.a.maven.surefire.booter.ForkedBooter   : Started ForkedBooter in 3.46 seconds (JVM running for 4.217)
2022-12-26 15:47:17.372  WARN 25588 --- [o-auto-1-exec-1] o.s.c.s.ResourceBundleMessageSource      : ResourceBundle [messages] not found for MessageSource: Can't find bundle for base name messages, locale en_CA
</system-out>
  </testcase>
  <testcase name="testHomeIsSecure" classname="com.yakootah.training.pipes.servlet.SampleServletApplicationTests" time="0.009"/>
</testsuite>